/:D . JUNI 
/:D . JULI 
ÜBTR . /:A 
ÜBS . /:A 
ÜBL . /:A 
ÜBERTR . /:A 
ÜBERARB . /:A 
ÜB . /:A 
ÖSTL . /:A 
ÖSTERR . /:A 
ÖRTL . /:A 
ÖFFENTL . /:A 
ÄUßERL . /:A 
ÄSTH . /:A 
ÄOLSHF . /:A 
ÄND . /:A 
ÄHNL . /:A 
ZYLINDR . /:A 
ZYKL . /:A 
ZWEITL . /:A 
ZW . /:A 
ZUSÄTZL . /:A 
ZUSÄTZL . 
ZUSHG . 
ZUS . /:A 
ZUS . 
ZUNGENST . /:A 
ZUGTRP . /:A 
ZTSCHR . /:A 
ZTR . /:A 
ZTG . /:A 
ZT . /:A 
ZSS . /:A 
ZS . /:A 
ZMTR . /:A 
ZL . /:A 
ZIT . /:A 
ZIERL . /:A 
ZENTRALBIBL . /:A 
ZEITSCHR . /:A 
ZEITL . /:A 
ZEITGENÖSS . /:A 
ZEITABSCHN . /:A 
ZB . /:A 
ZAHLR . /:A 
Z . /:A 
Z . B . 
YR . 
Y . /:A 
XLL . /:A 
XEN . /:A 
X . /:A 
WÜRTT . /:A 
WÖCHENTL . /:A 
WZBW . 
WY . 
WWE . /:A 
WW . /:A 
WOCHENBL . /:A 
WK . 
WISSENSCHAFTL . /:A 
WISSENSCH . /:A 
WISS . /:A 
WIS . 
WIRTSCHAFTSWISS . /:A 
WIRKL . /:A 
WIRDVGL . /:A 
WINKEL-HF . /:A 
WIEDERAUFL . /:A 
WIDMUNGSVORR . /:A 
WIDERSPRÜCHL . /:A 
WG . /:A 
WESTL . /:A 
WESTEUROP . /:A 
WEST-A . /:A 
WESENTL . /:A 
WERKVERZ . /:A 
WERKKAT . /:A 
WERDENVGL . /:A 
WELTLIT . /:A 
WELTL . /:A 
WELTAUSST . /:A 
WELTANSCHAUL . /:A 
WELT-K . /:A 
WELT-G . /:A 
WEIBL . /:A 
WECHSELGSG . /:A 
WB . /:A 
WASSER-T . /:A 
WASH . 
WANDERAUSST . /:A 
WALDHR . /:A 
WAHRSCHEINL . /:A 
WAGNER-VER . /:A 
W . /:A 
W . V . 
VULG . /:A 
VT . 
VSE . /:A 
VS . /:A 
VORZÜGL . /:A 
VORW . /:A 
VORTR . /:A 
VORSTANDSMITGL . /:A 
VORR . /:A 
VORNEHML . /:A 
VORKLASS . /:A 
VORBILDL . /:A 
VORBER . /:A 
VORB . /:A 
VOLLST . /:A 
VOLLPLAST . /:A 
VOLKSTÜML . /:A 
VOLKSGSGE . /:A 
VOLKSGSG . /:A 
VOLKSAUSG . /:A 
VOLKS-W . /:A 
VOLKS-R . /:A 
VOLKS-E . /:A 
VOLKS-B . /:A 
VOL . /:A 
VOKALST . /:A 
VOKALKOMPOS . /:A 
VOKALKOMP . /:A 
VOK . /:A 
VOGELGSG . /:A 
VOC . /:A 
VO . /:A 
VLDF . /:A 
VLD . /:A 
VL . /:A 
VIZEPRÄS . /:A 
VIZEKPM . /:A 
VIZEDIR . /:A 
VIZE-KPM . /:A 
VIR . /:A 
VILBEL . /:A 
VIERTELJH . /:A 
VIERST . /:A 
VIERHD . /:A 
VIELST . /:A 
VH . /:A 
VGL . /:A 
VF . /:A 
VESPERPS . /:A 
VESPER-PS . /:A 
VERÖFF . /:A 
VERÄND . /:A 
VERZ . /:A 
VERW . /:A 
VERSCHIEDENTL . /:A 
VERMUTL . /:A 
VERLAGSPROGR . /:A 
VERLAGSKAT . /:A 
VERL . /:A 
VERH . /:A 
VERGL . /:A 
VERF . /:A 
VERBINDL . /:A 
VER . /:A 
VER . DI 
VENTILTRP . /:A 
VENTILHR . /:A 
VENEZIAN . /:A 
VENEZ . /:A 
VAR . /:A 
VA . /:A 
VA . 
V . /:A 
V . U . Z . 
UUH . /:A 
UTOP . /:A 
USW . /:A 
USF . /:A 
URTEXTAUSG . /:A 
URSPRÜNGL . /:A 
URSPR . /:A 
URKUNDL . /:A 
URK . /:A 
URAUFGEF . /:A 
URAUFF . /:A 
UNVOLLST . /:A 
UNVOLL . /:A 
UNVERÖFF . /:A 
UNV . /:A 
UNTERST . /:A 
UNTERSCHIEDL . /:A 
UNTERS . /:A 
UNTERRICHTSLIT . /:A 
UNTERABT . /:A 
UNIV . /:A 
UNGEWÖHNL . /:A 
UNGEWISS . /:A 
UNGEDR . /:A 
UNGAR . /:A 
UNG . /:A 
UNAUFGEF . /:A 
UNABH . /:A 
UMGEARB . /:A 
UMARB . /:A 
UA . /:A 
U . /:A 
U . S . /:U 
U . S . 
TÜRK . /:A 
TÄGL . /:A 
TSD . /:A 
TSCHECH . /:A 
TRP . /:A 
TROP . /:A 
TRIOSON . /:A 
TRAV . /:A 
TRAUERGSG . /:A 
TRANSPOS . /:A 
TRANSPON . /:A 
TRAG . /:A 
TR . /:A 
TPF . /:A 
TN . 
TLN . /:A 
TLE . /:A 
TL . /:A 
TKR . /:A 
TITELHL . /:A 
TITELBL . /:A 
TITELAUFL . /:A 
TITEL-S . /:A 
TISCOVER . /:A 
TIERHR . /:A 
THéOL . /:A 
THUK . /:A 
THOMASORG . /:A 
THLR . /:A 
THEORET . /:A 
THEOR . /:A 
THEOL . /:A 
THEMAT . /:A 
THEATERORCH . /:A 
THEATERKPM . /:A 
THEATERKOMP . /:A 
THEATERGES . /:A 
THEATERDIR . /:A 
THEATERAUFF . /:A 
THEATER-ORCH . /:A 
TH . /:A 
TGL . /:A 
TGB . /:A 
TEXTAUSG . /:A 
TEXTABSCHN . /:A 
TEXAS 
TEX . 
TENN . 
TEL . /:A 
TEKTON . /:A 
TEILW . /:A 
TEILAUSG . /:A 
TECHN . /:A 
TATSÄCHL . /:A 
TANZORCH . /:A 
TANZKOMPOS . /:A 
TANZKOMP . /:A 
TANJUG . /:A 
TAFELKL . /:A 
TAF . /:A 
T . /:A 
SÜDÖSTL . /:A 
SÜDWESTL . /:A 
SÜDL . /:A 
SÜDDT . /:A 
SÜD-A . /:A 
SÄUGLINGS-T . /:A 
SÄNGERVER . /:A 
SÄMTL . /:A 
SÄCHS . /:A 
SZ . /:A 
SYSTEMAT . /:A 
SYST . /:A 
SYR . /:A 
SYMPHONIEORCH . /:A 
SYMPHONIE-ORCH . /:A 
SYMPH . /:A 
SYMMETR . /:A 
SWKN . /:A 
SWKE . /:A 
SWK . /:A 
SW . /:A 
SW . 
SVW . /:A 
SVW . 
SUPPL . /:A 
SUITENKOMPOS . /:A 
SUBSKR . /:A 
STÄDTEBAUL . /:A 
STV . /:A 
STRQU . /:A 
STREUBESITZ . /:A 
STREICHORCH . /:A 
STPFL . /:A 
STPB . /:A 
STK . /:A 
STILKRIT . /:A 
STIFTSORG . /:A 
STIFTSBIBL . /:A 
STGB . /:A 
STG . /:A 
STERL . /:A 
STELLV . /:A 
STD . /:A 
STB . /:A 
STAT . /:A 
STADTRÖM . /:A 
STADTORG . /:A 
STADTORCH . /:A 
STADTBIBL . /:A 
STADTARCH . /:A 
STAATSSEKR . /:A 
STAATSKONS . /:A 
STAATSBIBL . /:A 
STAATSARCH . /:A 
STAATSAKAD . /:A 
STAATL . /:A 
ST . /:A 
ST . 
SR . /:A 
SQ . 
SPÄTROMANT . /:A 
SPÄTMITTELALTERL . /:A 
SPÄTMA . /:A 
SPÄTLAT . /:A 
SPÄTGOT . /:A 
SPÄT-MA . /:A 
SPVGG . /:A 
SPRECHST . /:A 
SPRECHGSG . /:A 
SPR . /:A 
SPEZIF . /:A 
SPEZIALLIT . /:A 
SP . /:A 
SP . 
SOZIOLOG . /:A 
SOZIALKRIT . /:A 
SOZ . /:A 
SOPRANST . /:A 
SOPR . /:A 
SONDERDR . /:A 
SONDERAUSST . /:A 
SONDERAUSG . /:A 
SONDER-NR . /:A 
SONDER-H . /:A 
SOLOST . /:A 
SOLOKANT . /:A 
SOLOGSGN . /:A 
SOLOGSGE . /:A 
SOLOGSG . /:A 
SOLO-V . /:A 
SOLO-ST . /:A 
SOLO-GSG . /:A 
SOC . /:A 
SM . /:A 
SLOWAK . /:A 
SLKR . /:A 
SLGN . /:A 
SLG . /:A 
SKR . /:A 
SKANDINAV . /:A 
SINNL . /:A 
SINGVER . /:A 
SINGAKAD . /:A 
SINFONIEORCH . /:A 
SINFONIE-ORCH . /:A 
SINF . /:A 
SINDVGL . /:A 
SIMPH . /:A 
SIGNALHR . /:A 
SIG . /:A 
SIBELIUS-AKAD . /:A 
SGT . 
SFR . /:A 
SEQU . /:A 
SEM . /:A 
SELBSTBIOGR . /:A 
SEL . /:A 
SEKR . /:A 
SEK . /:A 
SEITL . /:A 
SECHSST . /:A 
SDRN . /:A 
SDR . /:A 
SD S . D . 
SCIL . /:A 
SCI . /:A 
SCHÜLERORCH . /:A 
SCHWÄB . /:A 
SCHWED . /:A 
SCHW . /:A 
SCHULORCH . /:A 
SCHULGSG . /:A 
SCHULBEISP . /:A 
SCHROTH . /:A 
SCHRIFTL . /:A 
SCHR . /:A 
SCHOL . /:A 
SCHNABELFL . /:A 
SCHN . /:A 
SCHLUßTL . /:A 
SCHLOßORG . /:A 
SCHLIEßL . /:A 
SCHL . /:A 
SCH . /:A 
SC . /:A 
SBDN . /:A 
SBDE . /:A 
SBD . /:A 
SB . /:A 
SAXHR . /:A 
SATIR . /:A 
SAMMELHSS . /:A 
SAMMELHS . /:A 
SAMMELBD . /:A 
SAMMELAUSG . /:A 
SAITENKL . /:A 
SAEC . /:A 
SACHL . /:A 
SA . /:A 
S/W-ABB . /:A 
S . /:A 
S . C . 
RÖTL . /:A 
RÖMERBERG . /:A 
RÖM . /:A 
RÄUML . /:A 
RZ . /:A 
RUS . /:A 
RUNDSCHAU . /:A 
RUNDGSG . /:A 
RUNDFUNKORCH . /:A 
RUMÄN . /:A 
RUD . /:A 
RTHLRN . /:A 
RTHLR . /:A 
RT . /:A 
RSP . /:A 
RS . /:A 
RPH . /:A 
RPF . /:A 
ROXB . /:A 
ROMANT . /:A 
ROHRBL . /:A 
RL . /:A 
RK . /:A 
RIV . /:A 
RITTERAKAD . /:A 
RIC . /:A 
RI 
RH . /:A 
RGB . /:A 
RF . 
REV . 
RESP . /:A 
RER . /:A 
REPR . /:A 
REP . 
RELIGIONSPHILOS . /:A 
RELIG . /:A 
REICHS-K . /:A 
REFORMATIONSGESCH . /:A 
REFORMATIONS-JH . /:A 
REF . 
RECHTSWISS . /:A 
REC . /:A 
RE . 
RD . /:A 
RBL . /:A 
R . /:A 
R . O . C . 
R . I . 
QUERFL . /:A 
QUARTHS . /:A 
QUAEST . /:A 
QU . /:A 
QT . 
QDE . /:A 
Q . /:A 
Q . E . D . 
PÖ . /:A 
PÄPSTL . /:A 
PÄD . /:A 
PW . /:A 
PV . /:A 
PUF . /:A 
PUBL . /:A 
PTE . /:A 
PTAS . /:A 
PTA . /:A 
PT . /:A 
PT . 
PSYCHOLOG . /:A 
PSYCHOL . /:A 
PS . /:A 
PRÄS . /:A 
PROZ . /:A 
PROVENZ . /:A 
PROV . /:A 
PROLETAR . /:A 
PROGRAMMAT . /:A 
PROGR . /:A 
PROF . 
PRIVATSLGN . /:A 
PRIVATSLG . /:A 
PRIVATDOZ . /:A 
PRIVATBIBL . /:A 
PRIVATAUFF . /:A 
PRIVAT-E . /:A 
PRIV . /:A 
PRINC . /:A 
PREUß . /:A 
PRAKT . /:A 
PRAEP . /:A 
PP . /:A 
PP . 
POSTH . /:A 
POSCH . /:A 
PORTUG . /:A 
POLN . /:A 
POLIT . /:A 
PN . /:A 
PLUT . /:A 
PLUR . /:A 
PLC . /:A 
PLAST . /:A 
PL . /:A 
PKT . /:A 
PK . /:A 
PICCOLOFL . /:A 
PHYSIOL . /:A 
PHYSIKAL . /:A 
PHYS . /:A 
PHILOS . /:A 
PHILOL . /:A 
PH . /:A 
PG . /:A 
PG . 
PFTE . /:A 
PFLANZL . /:A 
PFG . /:A 
PFD . /:A 
PF . /:A 
PESTHL . /:A 
PERSÖNL . /:A 
PERSONALAUSST . /:A 
PERS . /:A 
PERGAMENT-HS . /:A 
PEDALHF . /:A 
PCT . /:A 
PCT . 
PAULII . /:A 
PATHET . /:A 
PASSIONSKOMPOS . /:A 
PASSIONSAUFF . /:A 
PANFL . /:A 
PAED . /:A 
PA . 
P . /:A 
OUV . /:A 
OU . /:A 
OSTINATO-VAR . /:A 
ORTH . /:A 
ORIGINALKOMPOS . /:A 
ORIG . /:A 
ORGELLIT . /:A 
ORGELKOMPOS . /:A 
ORGELKOMP . /:A 
ORGELBEGL . /:A 
ORGELBEARB . /:A 
ORG . /:A 
ORE . 
ORDINARIUMSKOMPOS . /:A 
ORD . /:A 
ORCH . /:A 
ORATORIENVER . /:A 
ORATORIENAUFF . /:A 
OPP . /:A 
OPERNPART . /:A 
OPERNORCH . /:A 
OPERNKPM . /:A 
OPERNKOMPOS . /:A 
OPERNKOMP . /:A 
OPERNGES . /:A 
OPERNDIR . /:A 
OPERNDGT . /:A 
OPERNAUFF . /:A 
OPERETTENKOMP . /:A 
OKT . /:A 
OKLA . 
OFFENSICHTL . /:A 
OEC . /:A 
OE . /:A 
ODENKOMPOS . /:A 
OBERKPM . /:A 
OBERITAL . /:A 
OBER-ST . /:A 
O . /:A 
NÖRDL . /:A 
NZZ . /:A 
NRN . /:A 
NR . /:A 
NOV . /:A 
NOUV . /:A 
NOTENHSS . /:A 
NOTENBEISP . /:A 
NOTENAUSG . /:A 
NOTENANH . /:A 
NORW . /:A 
NORDÖSTL . /:A 
NORDWESTL . /:A 
NORDDT . /:A 
NORDAMERIK . /:A 
NORD-A . /:A 
NOM . /:A 
NO . 
NLD . /:A 
NKR . /:A 
NIEDERLÄND . /:A 
NIEDERL . /:A 
NIEDERDT . /:A 
NICHTLITURG . /:A 
NG . /:A 
NEV . 
NEUZEITL . /:A 
NEUROMANT . /:A 
NEULAT . /:A 
NEUKOMPOS . /:A 
NEUKLASSIZIST . /:A 
NEUGEGR . /:A 
NEUGEDR . /:A 
NEUDR . /:A 
NEUBEARB . /:A 
NEUAUSG . /:A 
NEUAUFL . /:A 
NEBENST . /:A 
NEBENAMTL . /:A 
NEB . 
NDL . /:A 
NAZ . /:A 
NATÜRL . /:A 
NATURWISS . /:A 
NATURTRP . /:A 
NATURSTUD . /:A 
NATURPHILOS . /:A 
NATUR-W . /:A 
NATUR-R . /:A 
NATL . /:A 
NATIONALKONS . /:A 
NATIONALBIBL . /:A 
NAMENTL . /:A 
NACHW . /:A 
NACHTRÄGL . /:A 
NACHTR . /:A 
NACHRÜCKEN . /:A 
NACHR . /:A 
NACHM . /:A 
NACHGEDR . /:A 
NACHF . /:A 
NACHDR . /:A 
N . /:A 
N . Y . 
N . M . 
N . J . 
N . H . 
N . D . 
N . C . 
MéM . /:A 
MÜNSTERORG . /:A 
MÜ . /:A 
MÖGL . /:A 
MÄNNL . /:A 
MÄNNERST . /:A 
MÄNNERGSG . /:A 
MÄNNERGESANGVER . /:A 
MYTHOLOG . /:A 
MYST . /:A 
MYSAP . /:A 
MWST . /:A 
MW . /:A 
MUSTERBEISP . /:A 
MUSIKÄSTH . /:A 
MUSIKZSS . /:A 
MUSIKZS . /:A 
MUSIKVER . /:A 
MUSIKSLGN . /:A 
MUSIKSLG . /:A 
MUSIKRED . /:A 
MUSIKPROF . /:A 
MUSIKLIT . /:A 
MUSIKLEX . /:A 
MUSIKKONS . /:A 
MUSIKHSS . /:A 
MUSIKGES . /:A 
MUSIKDIR . /:A 
MUSIKBL . /:A 
MUSIKBIBLIOGR . /:A 
MUSIKBIBL . /:A 
MUSIKBEISP . /:A 
MUSIKBEIL . /:A 
MUSIKAUSG . /:A 
MUSIKAUFF . /:A 
MUSIKARCH . /:A 
MUSIKALIENSLG . /:A 
MUSIKAKAD . /:A 
MUSIKABT . /:A 
MUSIKABH . /:A 
MUSIK-ZSS . /:A 
MUSIK-VER . /:A 
MUSIK-SLG . /:A 
MUSIK-HSS . /:A 
MUSIK-GES . /:A 
MUSIK-ABT . /:A 
MUSEUMSGES . /:A 
MUSCHELTRP . /:A 
MTS . /:A 
MTR . /:A 
MTL . /:A 
MTH . /:A 
MT . /:A 
MSS . /:A 
MSCHR . /:A 
MS . /:U 
MRS . /:A 
MRS . /:U 
MRDEN . /:A 
MRD . /:A 
MR . /:U 
MOTETTENSLGN . /:A 
MOTETTENSLG . /:A 
MOTETTENKOMPOS . /:A 
MOTETTENKOMP . /:A 
MONT . 
MONATL . /:A 
MO . 
MLEX . /:A 
MK . /:A 
MITW . /:A 
MITTELTL . /:A 
MITTELLAT . /:A 
MITTELEUROP . /:A 
MITTELALTERL . /:A 
MITHRSG . /:A 
MITGL . /:A 
MITGET . /:A 
MITARB . /:A 
MISS . 
MISC . /:A 
MIO . /:A 
MINN . 
MINISTERPRÄS . /:A 
MIN . /:A 
MILLIONENHÖHE . /:A 
MILL . /:A 
MILITÄRORCH . /:A 
MILITÄRKPM . /:A 
MIL . 
MICH . 
MI . 
MHD . /:A 
MGR . /:A 
MG . /:A 
MFG . /:A 
MF . /:A 
MEßKOMPOS . /:A 
MEßKAT . /:A 
MEßGSGE . /:A 
MEßGSG . /:A 
MEß-O . /:A 
MEZZOSOPR . /:A 
METAPHYS . /:A 
MESSENKOMPOS . /:A 
MESSENKOMP . /:A 
MENSCHL . /:A 
MENKE-GL . /:A 
MELODR . /:A 
MELODIEVAR . /:A 
MELODIEST . /:A 
MELODIEABSCHN . /:A 
MELODIE-INSTR . /:A 
MELANCHOL . /:A 
MEISTERGSG . /:A 
MEDIZ . /:A 
MED . /:A 
MECHAN . /:A 
ME . 
MDR . /:A 
MD . /:A 
MD . 
MCH . /:A 
MCC . /:A 
MAßGEBL . /:A 
MATTH . /:A 
MATHEM . /:A 
MATERIALSLG . /:A 
MASS . 
MASCH . /:A 
MARIENORG . /:A 
MAJ . /:A 
MAJ . 
MAGNIFICAT-KOMPOS . /:A 
MADRIGALKOMP . /:A 
MADR . /:A 
MA . 
M/SEK . /:A 
M . /:A 
M . W . 
M . E . 
LÄNGSFL . /:A 
LÄNDL . /:A 
LYR . /:A 
LW . /:A 
LUTH . /:A 
LUE . /:A 
LTDA . /:A 
LTD . 
LT . /:A 
LT . 
LSTRL . /:A 
LSTR . /:A 
LPZ . /:A 
LOBGSGE . /:A 
LOBGSG . /:A 
LITURG . /:A 
LITERAR . /:A 
LIEDVAR . /:A 
LIEDSLGN . /:A 
LIEDKOMPOS . /:A 
LIEDKOMP . /:A 
LIEDGSG . /:A 
LIEDERSLGN . /:A 
LIEDERSLG . /:A 
LIEDERKOMP . /:A 
LIEDERHS . /:A 
LIEDER-SLGN . /:A 
LIEDER-SLG . /:A 
LIEDER-HS . /:A 
LIEDBEARB . /:A 
LIEBHABERORCH . /:A 
LIEBHABERGES . /:A 
LIC . /:A 
LIBR . /:A 
LGE . 
LG . /:A 
LG . 
LFR . /:A 
LFGN . /:A 
LFG . /:A 
LF . /:A 
LEXIKOGR . /:A 
LETZTL . /:A 
LETZTGEN . /:A 
LETSBUYIT . /:A 
LEIHBIBL . /:A 
LEIDENSCHAFTL . /:A 
LEHRERGESANGVER . /:A 
LEHRBEISP . /:A 
LEDIGL . /:A 
LEBENSJZ . /:A 
LEBENSABSCHN . /:A 
LDB . /:A 
LBS . /:A 
LB . /:A 
LB . 
LAUTENKOMPOS . /:A 
LAT . /:A 
LAT . 
LANDSCHAFTL . /:A 
LANDESVORS . /:A 
LANDESMUS . /:A 
LANDESBIBL . /:A 
LANDES-K . /:A 
LA . 
L'ORG . /:A 
L'HIST . /:A 
L'ACAD . /:A 
L . /:A 
KÜNSTL . /:A 
KÖRPERL . /:A 
KÖNIGL . /:A 
KY . 
KWH . /:A 
KUS . /:A 
KURFÜRSTL . /:A 
KUNSTWISS . /:A 
KUNSTSLG . /:A 
KUNSTMUS . /:A 
KUNSTHIST . /:A 
KUNSTGSG . /:A 
KUNSTGEWERBEMUS . /:A 
KUNSTGESCHICHTL . /:A 
KUNSTGESCH . /:A 
KUNSTAUSST . /:A 
KUNSTAKAD . /:A 
KUNSTABT . /:A 
KULTURHIST . /:A 
KULTURGESCHICHTL . /:A 
KULT-D . /:A 
KST . /:A 
KRIT . /:A 
KR . /:A 
KPM . /:A 
KORR . /:A 
KOPT . /:A 
KONZM . /:A 
KONZERTVER . /:A 
KONZERTPROGR . /:A 
KONZERTORCH . /:A 
KONZERTGES . /:A 
KONZERTDGT . /:A 
KONZERTAUFF . /:A 
KONZ . /:A 
KONTRAFG . /:A 
KONTRA-T . /:A 
KONTRA-FG . /:A 
KONTINUIERL . /:A 
KONST . /:A 
KONS . /:A 
KOMPOS . /:A 
KOMP . /:A 
KOM . /:A 
KOLORATURSOPR . /:A 
KOLLEKTIVAUSST . /:A 
KNCH . /:A 
KNABENKPM . /:A 
KN . /:A 
KMTR . /:A 
KM/STD . /:A 
KM . /:A 
KM . 
KLOSTERKOMP . /:A 
KLOSTERBIBL . /:A 
KLEINP . /:A 
KLEINBÜRGERL . /:A 
KLAPPENHR . /:A 
KL . /:A 
KIRCHL . /:A 
KIRCHENLIEDBEARB . /:A 
KIRCHENKOMPOS . /:A 
KIRCHENKOMP . /:A 
KIRCHENGSGN . /:A 
KIRCHENGSGE . /:A 
KIRCHENGSGB . /:A 
KIRCHENGSG . /:A 
KIRCHENBIBL . /:A 
KIRCHEN-M . /:A 
KIRCHEN-GSGB . /:A 
KIRCHEN-GSG . /:A 
KIRCHEN-G . /:A 
KINDER-T . /:A 
KI . /:A 
KGR-BER . /:A 
KGL . /:A 
KGF . /:A 
KG . /:A 
KFT . /:A 
KC . /:A 
KATH . /:A 
KARLSUNIV . /:A 
KAPELLMITGL . /:A 
KAPELLDIR . /:A 
KAPELLARCH . /:A 
KAP . 
KANTATENKOMPOS . /:A 
KANTATENKOMP . /:A 
KANNVGL . /:A 
KAMMERORG . /:A 
KAISERL . /:A 
K . /:A 
K . A . 
JÜD . /:A 
JÄHRL . /:A 
JZ . /:A 
JUR . /:A 
JUN . /:A 
JUGENDL . /:A 
JT . /:A 
JR . /:A 
JR . 
JOURN . /:A 
JOH . /:A 
JMDN . /:A 
JHS . /:A 
JHDTS . /:A 
JHDT . /:A 
JHDS . /:A 
JHD . /:A 
JH . /:A 
JGN . /:A 
JGE . /:A 
JG . /:A 
JB . /:A 
JAHRH . /:A 
JAHRESBER . /:A 
JAHRB . /:A 
JAGDHR . /:A 
J . /:A 
IV . 
IUR . /:A 
ITAL . /:A 
ISTVGL . /:A 
IRD . /:A 
IR . /:A 
IOWA KAN . 
INTR . /:A 
INT . /:A 
INSTRUMENTALKOMPOS . /:A 
INSTRK . /:A 
INSTR . /:A 
INSTIT . /:A 
INST . /:A 
INSGES . /:A 
INSCR . /:A 
INSCHR . /:A 
INSBES . /:A 
INSB . /:A 
INKL . /:A 
INITIIERT . /:A 
INHALTSVERZ . /:A 
INHALTL . /:A 
INH . /:A 
ING . 
INF . /:A 
INCOG . 
INCL . /:A 
INCL . 
INC . /:A 
INC . 
ILLUS . 
ILL . 
IL . /:A 
IKONOLOG . /:A 
IG/GEW . /:A 
ID . 
ICF . /:A 
IBID . 
IB . /:A 
IB . 
I . /:A 
I . E . 
I . D . R . 
I . A . W . 
I . A . 
HÖF . /:A 
HÄUSL . /:A 
HÄNDEL-GES . /:A 
HÄNDEL-AUSG . /:A 
HZ . /:A 
HYMNENSLG . /:A 
HYMNENKOMPOS . /:A 
HYMNENGSG . /:A 
HUMBOLDT-UNIV . /:A 
HU-BERLIN . /:A 
HTTP/WWW . /:A 
HSS . /:A 
HS . /:A 
HRZ . /:A 
HRSG . /:A 
HRS . 
HRG . /:A 
HR . /:A 
HONORARPROF . /:A 
HONORAR-PROF . /:A 
HOM . /:A 
HOLLÄND . /:A 
HOFORG . /:A 
HOFORCH . /:A 
HOFKPM . /:A 
HOFKOMP . /:A 
HOFBIBL . /:A 
HOF-KPM . /:A 
HOCHSCHUL-F . /:A 
HOCH-R . /:A 
HOCH-MA . /:A 
HOCH-A . /:A 
HL . /:A 
HISTORIENKOMPOS . /:A 
HISTOR . /:A 
HIPP . /:A 
HILFSORG . /:A 
HIERON . /:A 
HIELSCHER . /:A 
HG . /:A 
HFL . /:A 
HF . /:A 
HESS . /:A 
HERAUSGEG . /:A 
HERAUSG . /:A 
HEIDN . /:A 
HEBR . /:A 
HDN . /:A 
HDE . /:A 
HDB . /:A 
HD . /:A 
HBG . /:A 
HBF . /:A 
HB . /:A 
HAUSKOMP . /:A 
HAUSARCH . /:A 
HAUPTTL . /:A 
HAUPTSÄCHL . /:A 
HAUPTST . /:A 
HAUPTORG . /:A 
HAUPTABSCHN . /:A 
HARPOKR . /:A 
HANDWERKL . /:A 
HANDELSGES . /:A 
HAMMERKL . /:A 
HALLE/S . /:A 
HALL-MS . /:A 
HABSCHR . /:A 
HABIL . /:A 
H . /:A 
H . C . 
GéN . /:A 
GYMN . /:A 
GT . /:A 
GSGN . /:A 
GSGE . /:A 
GSGB . /:A 
GSG . /:A 
GRÜNDUNGSMITGL . /:A 
GRUPPEN-T . /:A 
GRUNDSÄTZL . /:A 
GRUNDST . /:A 
GRUNDLAGEN-F . /:A 
GRUNDL . /:A 
GROßBÜRGERL . /:A 
GROß-B . /:A 
GRIECH . /:A 
GRCH . /:A 
GR . /:A 
GR . 
GP . /:A 
GOV . /:A 
GOLDBERG-VAR . /:A 
GMD . /:A 
GM . 
GL . /:A 
GL . 
GIT . /:A 
GH . /:A 
GGFS . /:A 
GGF . /:A 
GEZ . /:A 
GEWÖHNL . /:A 
GEWISSENS-F . /:A 
GEWANDHAUSORCH . /:A 
GEWAHRSAM . /:A 
GESETZES-B . /:A 
GESELLSCHAFTSWISS . /:A 
GESELLSCHAFTL . /:A 
GESELLSCH . /:A 
GESCHL . /:A 
GESCHICHTSWISS . /:A 
GESCHICHTL . /:A 
GESCH . /:A 
GESANGVER . /:A 
GESANGST . /:A 
GES . /:A 
GERINGST . /:A 
GEOMETR . /:A 
GENERALSEKR . /:A 
GENERAL-SUP . /:A 
GEN . 
GEMÄLDESLG . /:A 
GEMEINDEGSG . /:A 
GEMEINDE-GSG . /:A 
GEMCH . /:A 
GELEGENTL . /:A 
GELEGENHEITSKOMPOS . /:A 
GELBL . /:A 
GEISTL . /:A 
GEGR . /:A 
GEGENSÄTZL . /:A 
GEGENSTÄNDL . /:A 
GEGENST . /:A 
GEG . /:A 
GEFÄßFL . /:A 
GEDR . /:A 
GEBRÄUCHL . /:A 
GEB . /:A 
GATTG . /:A 
GASTPROF . /:A 
GASTDOZ . /:A 
GASTDGTN . /:A 
GASTDGT . /:A 
GAL . 
GA . 
G . /:A 
FÜRSTL . /:A 
FÜNFST . /:A 
FÄLSCHL . /:A 
FUGENKOMPOS . /:A 
FU-BERLIN . /:A 
FT . /:A 
FT . 
FSS . /:A 
FRç . /:A 
FRÜHGOT . /:A 
FRÜHCHRISTL . /:A 
FRÄNK . /:A 
FRZ . /:A 
FRS . /:A 
FRKR . /:A 
FRIEDR . /:A 
FREILICHTMUS . /:A 
FREIK . /:A 
FREIBURG/BRSG . /:A 
FREIBURG/BR . /:A 
FRE . /:A 
FRCS . /:A 
FRCH . /:A 
FRAUEN-CH . /:A 
FRANç . /:A 
FRANZÖS . /:A 
FRANKFURTM . /:A 
FRANKFURT/O . /:A 
FRANKFURT/M . /:A 
FRAGM . /:A 
FR . 
FP . /:A 
FORTSCHRITTL . /:A 
FORTGES . /:A 
FORTGEF . /:A 
FORSCH . /:A 
FOL . /:A 
FMK . /:A 
FLUXX . /:A 
FLD . 
FLA . 
FL . /:A 
FL . 
FK . /:A 
FILMKOMP . /:A 
FIL . /:A 
FIGÜRL . /:A 
FIGURALGSG . /:A 
FIG . 
FHG . /:A 
FG . /:A 
FFRS . /:A 
FFR . /:A 
FFM . /:A 
FF . /:A 
FF . 
FESTSCHR . /:A 
FESTL . /:A 
FESTKANT . /:A 
FESTAUFF . /:A 
FEM . /:A 
FEIERL . /:A 
FEI . /:A 
FEBR . /:A 
FEB . /:A 
FARBL . /:A 
FARBENKL . /:A 
FAMILIENMITGL . /:A 
FALSOBORDONE-PS . /:A 
FAKS . /:A 
FAK . /:A 
FACS . /:A 
FACHZSS . /:A 
FACHLIT . /:A 
F . /:A 
F . A . Z . 
EßL . /:A 
EXT . 
EXPL . /:A 
EXP . /:A 
EXP . 
EXEC . 
EXCOMM . /:A 
EXCH . 
EXC . 
EW . /:A 
EVTL . /:A 
EVENTL . /:A 
EVANG . /:A 
EV . /:A 
EUSEB . /:A 
EUROP . /:A 
ETRUSK . /:A 
ETHZ . /:A 
ETH . /:A 
ETC . /:A 
ETC . 
ET . /:A 
EST . /:A 
EST . 
ESQ . 
ERÖFFN . /:A 
ERWACHSENEN-T . /:A 
ERW . /:A 
ERSTVERÖFF . /:A 
ERSTAUSG . /:A 
ERSTAUNL . /:A 
ERSTAUFF . /:A 
ERSCH . /:A 
EROT . /:A 
ERL . /:A 
ERHEBL . /:A 
ERH . /:A 
ERGÄNZUNGSBD . /:A 
ERGANGEN . /:A 
ERFORDERL . /:A 
ERFASST . /:A 
ERB-S . /:A 
EQ . 
EPIST . /:A 
EP . /:A 
ENTWICKL . /:A 
ENTH . /:A 
ENGL . /:A 
EMPIR . /:A 
ELEV . 
ELEM . /:A 
ELEKTR . /:A 
EINZELST . /:A 
EINZELNRN . /:A 
EINZELGSGE . /:A 
EINZELAUSST . /:A 
EINZELAUSG . /:A 
EINW . /:A 
EINSCHLIEßL . /:A 
EINSCHL . /:A 
EINL . /:A 
EINHEITL . /:A 
EINHEIM . /:A 
EINGER . /:A 
EINGEL . /:A 
EINF . /:A 
EINDRINGL . /:A 
EIGENTÜML . /:A 
EIGENTL . /:A 
EIGENHD . /:A 
EHRENMITGL . /:A 
EHRBG . /:A 
EHEMAL . /:A 
EHEM . /:A 
EG . 
EDU . /:A 
ED . /:U 
ECCLES . /:A 
ECCL . /:A 
ECC . /:A 
EBDA . /:A 
EBD . /:A 
E . /:A 
E . V . 
E . KM . 
DéP . /:A 
DÄN . /:A 
DZ . /:A 
DYNAM . /:A 
DYN . /:A 
DURCHSCHN . /:A 
DURCHKOMPOS . /:A 
DURCHKOMP . /:A 
DTSCH . /:A 
DTL . /:A 
DT . /:A 
DS . /:A 
DRUCKAUSG . /:A 
DREITL . /:A 
DRAST . /:A 
DRAMAT . /:A 
DR . /:A 
DR . /:U 
DPT . /:U 
DPD . /:A 
DOZ . /:A 
DOPPELFL . /:A 
DOMORG . /:A 
DOMKPM . /:A 
DOMBIBL . /:A 
DOMARCH . /:A 
DOK . /:A 
DLR . /:A 
DLR . 
DKR . /:A 
DIÖZESANMUS . /:A 
DIZ . /:A 
DIV . 
DIST . 
DISS . /:A 
DISPOS . /:A 
DIPL . /:A 
DICT . /:A 
DICHTERKOMP . /:A 
DICC . /:A 
DH . /:A 
DGTN . /:A 
DGT . /:A 
DGL . /:A 
DEZ . /:A 
DEUTSCHL . /:A 
DEUTL . /:A 
DESS . /:A 
DESGL . /:A 
DERS . /:A 
DERGL . /:A 
DEPT . /:A 
DEP . /:A 
DEP . 
DEMS . /:A 
DEL . 
DEF . 
DEC . 
DD . 
DAV . /:A 
DAT . /:A 
DARST . /:A 
D . /:A 
D . I . 
D . H . /:A 
CÄCILIENVER . /:A 
CÄCILIEN-VER . /:A 
CZ . /:A 
CU . 
CTS . /:A 
CTM . /:A 
CT . /:A 
CS . /:A 
CR . /:A 
CPL . 
CORP . /:A 
CORP . 
CORDIS . /:A 
COR . 
CONTRA-T . /:A 
CONTD . 
CONT . 
CONST . /:A 
CONN . 
CONGR . /:A 
CONF . /:A 
CONCERTGEBOUW-ORCH . /:A 
CONC . /:A 
COMPUSERVE . /:A 
COMDR . 
COLO . 
COL . 
CO . 
CM . 
CLAVICEMB . /:A 
CLAV . /:A 
CLAR . /:A 
CL . /:A 
CITICORP . /:A 
CIRC . 
CIE . /:A 
CIC . /:A 
CHRONOLOG . /:A 
CHRON . /:A 
CHRISTL . /:A 
CHR . /:A 
CHORVER . /:A 
CHORKOMP . /:A 
CHORGSGE . /:A 
CHORGSG . /:A 
CHORDIR . /:A 
CHORDGT . /:A 
CHORBEARB . /:A 
CHORALVAR . /:A 
CHORALHSS . /:A 
CHORALGSGE . /:A 
CHORALGSG . /:A 
CHORALBEGL . /:A 
CHORALBEARB . /:A 
CHL . /:A 
CHEM . /:A 
CHEFRED . /:A 
CHEFDGT . /:A 
CHDGT . /:A 
CHB . /:A 
CHARAKTERIST . /:A 
CHANS . /:A 
CH . /:A 
CH . 
CF . /:A 
CET . /:A 
CEMB . /:A 
CEC . /:A 
CC . 
CATH . /:A 
CAPT . 
CALIF . 
CAL . /:A 
CA . /:A 
C . /:A 
BÜRGERL . /:A 
BÜHNENKOMPOS . /:A 
BÜHNENKOMP . /:A 
BÜHNENAUFF . /:A 
BÜCHERSLG . /:A 
BÖ . /:A 
BÄUERL . /:A 
BÄNKELGSG . /:A 
BZW . /:A 
BZW . 
BZGL . /:A 
BYZ . /:A 
BUßPS . /:A 
BURGUND . /:A 
BULGAR . /:A 
BULG . /:A 
BUF . /:A 
BUDDH . /:A 
BUCH-M . /:A 
BT . /:A 
BSPW . /:A 
BRT . /:A 
BROS . /:A 
BREITKOPF-KAT . /:A 
BR . /:A 
BOGENHF . /:A 
BOGEN-HF . /:A 
BLOCKFL . /:A 
BLN . /:A 
BLL . /:A 
BLASORCH . /:A 
BL . /:A 
BIOGR . /:A 
BILDL . /:A 
BILDERSLG . /:A 
BIBLIOGR . /:A 
BIBL . /:A 
BHF . /:A 
BHD . /:A 
BH . /:A 
BFR . /:A 
BEZW . /:A 
BEZ . /:A 
BEWEGL . /:A 
BEW . /:A 
BETRÄCHTL . /:A 
BETR . /:A 
BESTERH . /:A 
BESTALLUNGSURK . /:A 
BES . /:A 
BERUFSORCH . /:A 
BERUFS-S . /:A 
BER . /:A 
BELG . /:A 
BEITR . /:A 
BEISP . /:A 
BEGRIFFL . /:A 
BEGR . /:A 
BEGLEITST . /:A 
BEGL . /:A 
BEFINDL . /:A 
BEARB . /:A 
BEACHTL . /:A 
BDN . /:A 
BDE . /:A 
BD . /:A 
BC . /:A 
BB . /:A 
BAßST . /:A 
BAßKLAR . /:A 
BAYR . /:A 
BAUMANN . /:A 
BAUAKAD . /:A 
BAU-K . /:A 
BAROCK-M . /:A 
BANZER . /:A 
BANCORP . /:A 
BALLETTKOMPOS . /:A 
BALLETTKOMP . /:A 
BALLETTAUFF . /:A 
BACHVER . /:A 
BACHGES . /:A 
BACH-GES . /:A 
BACH-AUSG . /:A 
BABYL . /:A 
B . /:A 
AZ . /:A 
AVG . 
AV . /:A 
AUßERORDENTL . /:A 
AUßEREUROP . /:A 
AUßENST . /:A 
AUTOGR . /:A 
AUTOBIOGR . /:A 
AUT . /:A 
AUSW . /:A 
AUSST . /:A 
AUSL . /:A 
AUSGEW . /:A 
AUSG . /:A 
AUSFÜHRL . /:A 
AUP . /:A 
AUGSB . /:A 
AUG . /:A 
AUFL . /:A 
AUFGEF . /:A 
AUFF . /:A 
ATT . /:A 
ATH . /:A 
ASSYR . /:A 
ASSOC . /:A 
ASSOC . 
ASSN . 
ASANI . /:A 
ARR . /:A 
ARK . 
ARIZ . 
ARISTOT . /:A 
ARISTOPH . /:A 
ARIST . /:A 
ARCHÄOL . /:A 
ARB . /:A 
ARAM . /:A 
APR . /:A 
APPROX . 
APOL . /:A 
APC . /:A 
AP . /:A 
ANZ . /:A 
ANTIKENSTUD . /:A 
ANTIKENSLG . /:A 
ANSCHL . /:A 
ANSCHAUL . /:A 
ANON . 
ANNO . /:A 
ANMERK . /:A 
ANM . /:A 
ANLÄßL . /:A 
ANL . /:A 
ANL . 
ANH . /:A 
ANH . 
ANGEW . /:A 
ANGELSÄCHS . /:A 
ANGELOCKT . /:A 
ANGELES . /:A 
ANGELANGT . /:A 
ANGEKL . /:A 
ANGEBL . /:A 
ANFÄNGL . /:A 
ANF . /:A 
AMTSNACHF . /:A 
AMTL . /:A 
AMERIKAN . /:A 
AMERIK . /:A 
AMER . /:A 
ALTÄGYPT . /:A 
ALTST . /:A 
ALTSPAN . /:A 
ALTRÖM . /:A 
ALTNORD . /:A 
ALTITAL . /:A 
ALTIND . /:A 
ALTGRIECH . /:A 
ALTFRZ . /:A 
ALTFRANZ . /:A 
ALTENGL . /:A 
ALTDT . /:A 
ALTCHRISTL . /:A 
ALLTÄGL . /:A 
ALLMÄHL . /:A 
ALLG . /:A 
ALLEGOR . /:A 
ALA . 
AKTIENGES . /:A 
AKADEM . /:A 
AKAD . /:A 
AK . /:A 
AHD . /:A 
AGR . /:A 
AFZ . /:A 
AFR . /:A 
AESTH . /:A 
ADV . /:A 
ADMIN . /:A 
ACQ . /:A 
ACHTST . /:A 
ACHTJÄHR . /:A 
ACCOMP . /:A 
ACCAD . /:A 
ACC . /:A 
ACAD . /:A 
AC . /:A 
ABSCHR . /:A 
ABSCHN . /:A 
ABS . /:A 
ABRUFBAR . /:A 
ABR . /:A 
ABK . /:A 
ABK . 
ABHANDL . /:A 
ABH . /:A 
ABGEDR . /:A 
ABG . /:A 
ABENDLÄND . /:A 
ABDR . /:A 
A . /:A 
A . G . 
A . D . 
A . A . O 
A . A . 
( ? ) 
( ! ) 
